#
# There is insufficient memory for the Java Runtime Environment to continue.
# Native memory allocation (malloc) failed to allocate 386336 bytes for Chunk::new
# Possible reasons:
#   The system is out of physical RAM or swap space
#   The process is running with CompressedOops enabled, and the Java Heap may be blocking the growth of the native heap
# Possible solutions:
#   Reduce memory load on the system
#   Increase physical memory or swap space
#   Check if swap backing store is full
#   Decrease Java heap size (-Xmx/-Xms)
#   Decrease number of Java threads
#   Decrease Java thread stack sizes (-Xss)
#   Set larger code cache with -XX:ReservedCodeCacheSize=
#   JVM is running with Unscaled Compressed Oops mode in which the Java heap is
#     placed in the first 4GB address space. The Java Heap base address is the
#     maximum limit for the native heap growth. Please use -XX:HeapBaseMinAddress
#     to set the Java Heap base and to place the Java Heap above 4GB virtual address.
# This output file may be truncated or incomplete.
#
#  Out of Memory Error (allocation.cpp:389), pid=17156, tid=0x00000000000012a0
#
# JRE version: Java(TM) SE Runtime Environment (8.0_202-b08) (build 1.8.0_202-b08)
# Java VM: Java HotSpot(TM) 64-Bit Server VM (25.202-b08 mixed mode windows-amd64 compressed oops)
# Failed to write core dump. Minidumps are not enabled by default on client versions of Windows
#

---------------  T H R E A D  ---------------

Current thread (0x0000000019af1800):  JavaThread "C2 CompilerThread1" daemon [_thread_in_native, id=4768, stack(0x000000001a3c0000,0x000000001a4c0000)]

Stack: [0x000000001a3c0000,0x000000001a4c0000]
[error occurred during error reporting (printing stack bounds), id 0xc0000005]

Native frames: (J=compiled Java code, j=interpreted, Vv=VM code, C=native code)


Current CompileTask:
C2:  12771 1431   !   4       java.net.URL::<init> (543 bytes)


---------------  P R O C E S S  ---------------

Java Threads: ( => current thread )
  0x0000000019b52800 JavaThread "Service Thread" daemon [_thread_blocked, id=12696, stack(0x000000001a6c0000,0x000000001a7c0000)]
  0x0000000019b4f000 JavaThread "C1 CompilerThread3" daemon [_thread_blocked, id=17240, stack(0x000000001a5c0000,0x000000001a6c0000)]
  0x0000000019b4b000 JavaThread "C2 CompilerThread2" daemon [_thread_blocked, id=15696, stack(0x000000001a4c0000,0x000000001a5c0000)]
=>0x0000000019af1800 JavaThread "C2 CompilerThread1" daemon [_thread_in_native, id=4768, stack(0x000000001a3c0000,0x000000001a4c0000)]
  0x0000000019aed000 JavaThread "C2 CompilerThread0" daemon [_thread_blocked, id=8424, stack(0x000000001a2c0000,0x000000001a3c0000)]
  0x0000000019a9a800 JavaThread "Attach Listener" daemon [_thread_blocked, id=13668, stack(0x000000001a1c0000,0x000000001a2c0000)]
  0x0000000017c6e800 JavaThread "Signal Dispatcher" daemon [_thread_blocked, id=10292, stack(0x000000001a0c0000,0x000000001a1c0000)]
  0x0000000019a80800 JavaThread "Finalizer" daemon [_thread_blocked, id=4800, stack(0x0000000019f60000,0x000000001a060000)]
  0x0000000002cb7800 JavaThread "Reference Handler" daemon [_thread_blocked, id=12848, stack(0x0000000019e60000,0x0000000019f60000)]
  0x0000000002bc2800 JavaThread "main" [_thread_in_Java, id=16440, stack(0x0000000002ac0000,0x0000000002bc0000)]

Other Threads:
  0x0000000017c58800 VMThread [stack: 0x0000000019960000,0x0000000019a60000] [id=2772]
  0x0000000019b8c000 WatcherThread [stack: 0x000000001a7c0000,0x000000001a8c0000] [id=13916]

VM state:not at safepoint (normal execution)

VM Mutex/Monitor currently owned by a thread: None

heap address: 0x0000000081800000, size: 2024 MB, Compressed Oops mode: 32-bit
Narrow klass base: 0x0000000000000000, Narrow klass shift: 3
Compressed class space size: 1073741824 Address: 0x0000000100000000

Heap:
 PSYoungGen      total 38400K, used 15138K [0x00000000d5d80000, 0x00000000d8800000, 0x0000000100000000)
  eden space 33280K, 30% used [0x00000000d5d80000,0x00000000d6749fd8,0x00000000d7e00000)
  from space 5120K, 99% used [0x00000000d8300000,0x00000000d87feb48,0x00000000d8800000)
  to   space 5120K, 0% used [0x00000000d7e00000,0x00000000d7e00000,0x00000000d8300000)
 ParOldGen       total 87552K, used 2614K [0x0000000081800000, 0x0000000086d80000, 0x00000000d5d80000)
  object space 87552K, 2% used [0x0000000081800000,0x0000000081a8d870,0x0000000086d80000)
 Metaspace       used 13334K, capacity 13476K, committed 13824K, reserved 1060864K
  class space    used 1667K, capacity 1737K, committed 1792K, reserved 1048576K

Card table byte_map: [0x0000000012080000,0x0000000012480000] byte_map_base: 0x0000000011c74000

Marking Bits: (ParMarkBitMap*) 0x000000005b6c5ce0
 Begin Bits: [0x0000000012f30000, 0x0000000014ed0000)
 End Bits:   [0x0000000014ed0000, 0x0000000016e70000)

Polling page: 0x0000000002690000

CodeCache: size=245760Kb used=5169Kb max_used=5169Kb free=240590Kb
 bounds [0x0000000002cc0000, 0x00000000031e0000, 0x0000000011cc0000]
 total_blobs=1795 nmethods=1450 adapters=257
 compilation: enabled

Compilation events (10 events):
Event: 12.767 Thread 0x0000000019b4f000 nmethod 1444 0x00000000031ccc90 code [0x00000000031cce20, 0x00000000031cd408]
Event: 12.767 Thread 0x0000000019b4f000 1445       3       com.google.common.collect.CompactHashMap::accessEntry (1 bytes)
Event: 12.767 Thread 0x0000000019b4f000 nmethod 1445 0x00000000031cd690 code [0x00000000031cd7e0, 0x00000000031cd930]
Event: 12.767 Thread 0x0000000019b4f000 1447       3       com.google.inject.internal.InternalContext::popState (11 bytes)
Event: 12.767 Thread 0x0000000019b4f000 nmethod 1447 0x00000000031cd9d0 code [0x00000000031cdb20, 0x00000000031cdc70]
Event: 12.767 Thread 0x0000000019b4f000 1446       3       com.google.common.collect.ImmutableEntry::<init> (15 bytes)
Event: 12.767 Thread 0x0000000019b4f000 nmethod 1446 0x00000000031cdd10 code [0x00000000031cde80, 0x00000000031ce0b0]
Event: 12.767 Thread 0x0000000019b4f000 1448       3       com.google.common.collect.LinkedHashMultimap$ValueEntry::setSuccessorInValueSet (6 bytes)
Event: 12.767 Thread 0x0000000019b4f000 nmethod 1448 0x00000000031ce190 code [0x00000000031ce2e0, 0x00000000031ce450]
Event: 12.767 Thread 0x0000000019b4f000 1450       3       com.google.common.collect.LinkedHashMultimap$ValueSet::contains (42 bytes)

GC Heap History (4 events):
Event: 7.411 GC heap before
{Heap before GC invocations=1 (full 0):
 PSYoungGen      total 38400K, used 33280K [0x00000000d5d80000, 0x00000000d8800000, 0x0000000100000000)
  eden space 33280K, 100% used [0x00000000d5d80000,0x00000000d7e00000,0x00000000d7e00000)
  from space 5120K, 0% used [0x00000000d8300000,0x00000000d8300000,0x00000000d8800000)
  to   space 5120K, 0% used [0x00000000d7e00000,0x00000000d7e00000,0x00000000d8300000)
 ParOldGen       total 87552K, used 0K [0x0000000081800000, 0x0000000086d80000, 0x00000000d5d80000)
  object space 87552K, 0% used [0x0000000081800000,0x0000000081800000,0x0000000086d80000)
 Metaspace       used 8803K, capacity 8956K, committed 9088K, reserved 1056768K
  class space    used 1053K, capacity 1112K, committed 1152K, reserved 1048576K
Event: 7.423 GC heap after
Heap after GC invocations=1 (full 0):
 PSYoungGen      total 38400K, used 5112K [0x00000000d5d80000, 0x00000000d8800000, 0x0000000100000000)
  eden space 33280K, 0% used [0x00000000d5d80000,0x00000000d5d80000,0x00000000d7e00000)
  from space 5120K, 99% used [0x00000000d7e00000,0x00000000d82fe0c8,0x00000000d8300000)
  to   space 5120K, 0% used [0x00000000d8300000,0x00000000d8300000,0x00000000d8800000)
 ParOldGen       total 87552K, used 450K [0x0000000081800000, 0x0000000086d80000, 0x00000000d5d80000)
  object space 87552K, 0% used [0x0000000081800000,0x0000000081870950,0x0000000086d80000)
 Metaspace       used 8803K, capacity 8956K, committed 9088K, reserved 1056768K
  class space    used 1053K, capacity 1112K, committed 1152K, reserved 1048576K
}
Event: 10.038 GC heap before
{Heap before GC invocations=2 (full 0):
 PSYoungGen      total 38400K, used 38392K [0x00000000d5d80000, 0x00000000d8800000, 0x0000000100000000)
  eden space 33280K, 100% used [0x00000000d5d80000,0x00000000d7e00000,0x00000000d7e00000)
  from space 5120K, 99% used [0x00000000d7e00000,0x00000000d82fe0c8,0x00000000d8300000)
  to   space 5120K, 0% used [0x00000000d8300000,0x00000000d8300000,0x00000000d8800000)
 ParOldGen       total 87552K, used 450K [0x0000000081800000, 0x0000000086d80000, 0x00000000d5d80000)
  object space 87552K, 0% used [0x0000000081800000,0x0000000081870950,0x0000000086d80000)
 Metaspace       used 12236K, capacity 12344K, committed 12672K, reserved 1060864K
  class space    used 1501K, capacity 1575K, committed 1664K, reserved 1048576K
Event: 11.800 GC heap after
Heap after GC invocations=2 (full 0):
 PSYoungGen      total 38400K, used 5114K [0x00000000d5d80000, 0x00000000d8800000, 0x0000000100000000)
  eden space 33280K, 0% used [0x00000000d5d80000,0x00000000d5d80000,0x00000000d7e00000)
  from space 5120K, 99% used [0x00000000d8300000,0x00000000d87feb48,0x00000000d8800000)
  to   space 5120K, 0% used [0x00000000d7e00000,0x00000000d7e00000,0x00000000d8300000)
 ParOldGen       total 87552K, used 2614K [0x0000000081800000, 0x0000000086d80000, 0x00000000d5d80000)
  object space 87552K, 2% used [0x0000000081800000,0x0000000081a8d870,0x0000000086d80000)
 Metaspace       used 12236K, capacity 12344K, committed 12672K, reserved 1060864K
  class space    used 1501K, capacity 1575K, committed 1664K, reserved 1048576K
}

Deoptimization events (10 events):
Event: 7.043 Thread 0x0000000002bc2800 Uncommon trap: reason=unstable_if action=reinterpret pc=0x0000000002edafe4 method=org.codehaus.plexus.util.xml.pull.MXParser.more()C @ 8
Event: 7.087 Thread 0x0000000002bc2800 Uncommon trap: reason=unstable_if action=reinterpret pc=0x0000000002f7fa14 method=java.nio.charset.CoderResult.isOverflow()Z @ 5
Event: 7.101 Thread 0x0000000002bc2800 Uncommon trap: reason=unstable_if action=reinterpret pc=0x0000000002fa21f8 method=java.nio.charset.CoderResult.isOverflow()Z @ 5
Event: 7.115 Thread 0x0000000002bc2800 Uncommon trap: reason=unstable_if action=reinterpret pc=0x0000000002f99c88 method=java.io.Reader.read()I @ 12
Event: 7.226 Thread 0x0000000002bc2800 Uncommon trap: reason=unstable_if action=reinterpret pc=0x0000000002fdb358 method=org.codehaus.plexus.util.xml.pull.MXParser.nextImpl()I @ 200
Event: 7.274 Thread 0x0000000002bc2800 Uncommon trap: reason=unstable_if action=reinterpret pc=0x0000000002fca368 method=sun.nio.cs.StreamDecoder.implRead([CII)I @ 197
Event: 7.293 Thread 0x0000000002bc2800 Uncommon trap: reason=unstable_if action=reinterpret pc=0x0000000002fe6364 method=org.codehaus.plexus.util.xml.pull.MXParser.nextImpl()I @ 241
Event: 7.294 Thread 0x0000000002bc2800 Uncommon trap: reason=unstable_if action=reinterpret pc=0x0000000002faabc0 method=java.nio.charset.CoderResult.isOverflow()Z @ 5
Event: 7.295 Thread 0x0000000002bc2800 Uncommon trap: reason=unstable_if action=reinterpret pc=0x0000000002fd0eac method=sun.nio.cs.StreamDecoder.implRead([CII)I @ 197
Event: 7.504 Thread 0x0000000002bc2800 Uncommon trap: reason=range_check action=make_not_entrant pc=0x0000000003036120 method=sun.reflect.generics.parser.SignatureParser.current()C @ 34

Classes redefined (0 events):
No events

Internal exceptions (10 events):
Event: 2.991 Thread 0x0000000002bc2800 Exception <a 'java/security/PrivilegedActionException'> (0x00000000d6152e90) thrown at [C:\re\workspace\8-2-build-windows-amd64-cygwin\jdk8u202\12323\hotspot\src\share\vm\prims\jvm.cpp, line 1502]
Event: 7.010 Thread 0x0000000002bc2800 Exception <a 'java/lang/ArrayIndexOutOfBoundsException'> (0x00000000d72323e0) thrown at [C:\re\workspace\8-2-build-windows-amd64-cygwin\jdk8u202\12323\hotspot\src\share\vm\runtime\sharedRuntime.cpp, line 605]
Event: 7.020 Thread 0x0000000002bc2800 Exception <a 'java/lang/ArrayIndexOutOfBoundsException'> (0x00000000d724d5f8) thrown at [C:\re\workspace\8-2-build-windows-amd64-cygwin\jdk8u202\12323\hotspot\src\share\vm\runtime\sharedRuntime.cpp, line 605]
Event: 7.029 Thread 0x0000000002bc2800 Exception <a 'java/lang/ArrayIndexOutOfBoundsException'> (0x00000000d728ee48) thrown at [C:\re\workspace\8-2-build-windows-amd64-cygwin\jdk8u202\12323\hotspot\src\share\vm\runtime\sharedRuntime.cpp, line 605]
Event: 7.303 Thread 0x0000000002bc2800 Exception <a 'java/lang/ArrayIndexOutOfBoundsException'> (0x00000000d7c37c68) thrown at [C:\re\workspace\8-2-build-windows-amd64-cygwin\jdk8u202\12323\hotspot\src\share\vm\runtime\sharedRuntime.cpp, line 605]
Event: 7.305 Thread 0x0000000002bc2800 Exception <a 'java/lang/ArrayIndexOutOfBoundsException'> (0x00000000d7c397f8) thrown at [C:\re\workspace\8-2-build-windows-amd64-cygwin\jdk8u202\12323\hotspot\src\share\vm\runtime\sharedRuntime.cpp, line 605]
Event: 7.504 Thread 0x0000000002bc2800 Exception <a 'java/lang/ArrayIndexOutOfBoundsException': 66> (0x00000000d5f4c058) thrown at [C:\re\workspace\8-2-build-windows-amd64-cygwin\jdk8u202\12323\hotspot\src\share\vm\interpreter\interpreterRuntime.cpp, line 368]
Event: 12.707 Thread 0x0000000002bc2800 Exception <a 'java/lang/NoClassDefFoundError': com/google/inject/servlet/ServletModuleTargetVisitor> (0x00000000d6654178) thrown at [C:\re\workspace\8-2-build-windows-amd64-cygwin\jdk8u202\12323\hotspot\src\share\vm\classfile\systemDictionary.cpp, line 19
Event: 12.707 Thread 0x0000000002bc2800 Exception <a 'java/lang/NoClassDefFoundError'> (0x00000000d6654178) thrown at [C:\re\workspace\8-2-build-windows-amd64-cygwin\jdk8u202\12323\hotspot\src\share\vm\prims\jvm.cpp, line 1506]
Event: 12.708 Thread 0x0000000002bc2800 Exception <a 'java/lang/NoClassDefFoundError': javax/annotation/Priority> (0x00000000d6658c80) thrown at [C:\re\workspace\8-2-build-windows-amd64-cygwin\jdk8u202\12323\hotspot\src\share\vm\classfile\systemDictionary.cpp, line 199]

Events (10 events):
Event: 12.759 loading class org/apache/maven/lifecycle/internal/DefaultLifecyclePluginAnalyzer
Event: 12.759 loading class org/apache/maven/lifecycle/internal/DefaultLifecyclePluginAnalyzer done
Event: 12.759 loading class org/apache/maven/lifecycle/DefaultLifecycles
Event: 12.759 loading class org/apache/maven/lifecycle/DefaultLifecycles done
Event: 12.761 loading class org/apache/maven/lifecycle/mapping/LifecycleMapping
Event: 12.761 loading class org/apache/maven/lifecycle/mapping/LifecycleMapping done
Event: 12.762 loading class org/eclipse/sisu/wire/EntryMapAdapter
Event: 12.762 loading class org/eclipse/sisu/wire/EntryMapAdapter done
Event: 12.763 loading class org/eclipse/sisu/wire/EntryMapAdapter$EntrySet
Event: 12.763 loading class org/eclipse/sisu/wire/EntryMapAdapter$EntrySet done


Dynamic libraries:
0x00007ff63e230000 - 0x00007ff63e267000 	D:\JAVA\jdk1.8.0_202\bin\java.exe
0x00007ffb99330000 - 0x00007ffb99525000 	C:\WINDOWS\SYSTEM32\ntdll.dll
0x00007ffb98f50000 - 0x00007ffb9900d000 	C:\WINDOWS\System32\KERNEL32.DLL
0x00007ffb96d30000 - 0x00007ffb96ff8000 	C:\WINDOWS\System32\KERNELBASE.dll
0x00007ffb98610000 - 0x00007ffb986bc000 	C:\WINDOWS\System32\ADVAPI32.dll
0x00007ffb98720000 - 0x00007ffb987be000 	C:\WINDOWS\System32\msvcrt.dll
0x00007ffb987d0000 - 0x00007ffb9886b000 	C:\WINDOWS\System32\sechost.dll
0x00007ffb983b0000 - 0x00007ffb984db000 	C:\WINDOWS\System32\RPCRT4.dll
0x00007ffb98a50000 - 0x00007ffb98bf0000 	C:\WINDOWS\System32\USER32.dll
0x00007ffb97100000 - 0x00007ffb97122000 	C:\WINDOWS\System32\win32u.dll
0x00007ffb989a0000 - 0x00007ffb989ca000 	C:\WINDOWS\System32\GDI32.dll
0x00007ffb97280000 - 0x00007ffb9738b000 	C:\WINDOWS\System32\gdi32full.dll
0x00007ffb97130000 - 0x00007ffb971cd000 	C:\WINDOWS\System32\msvcp_win.dll
0x00007ffb97000000 - 0x00007ffb97100000 	C:\WINDOWS\System32\ucrtbase.dll
0x00007ffb82c00000 - 0x00007ffb82e9a000 	C:\WINDOWS\WinSxS\amd64_microsoft.windows.common-controls_6595b64144ccf1df_6.0.19041.844_none_ca00b6081b84eb1d\COMCTL32.dll
0x00007ffb99240000 - 0x00007ffb99270000 	C:\WINDOWS\System32\IMM32.DLL
0x000000005bf60000 - 0x000000005c032000 	D:\JAVA\jdk1.8.0_202\jre\bin\msvcr100.dll
0x000000005aea0000 - 0x000000005b745000 	D:\JAVA\jdk1.8.0_202\jre\bin\server\jvm.dll
0x00007ffb987c0000 - 0x00007ffb987c8000 	C:\WINDOWS\System32\PSAPI.DLL
0x00007ffb80300000 - 0x00007ffb80309000 	C:\WINDOWS\SYSTEM32\WSOCK32.dll
0x00007ffb991c0000 - 0x00007ffb9922b000 	C:\WINDOWS\System32\WS2_32.dll
0x00007ffb85ce0000 - 0x00007ffb85d07000 	C:\WINDOWS\SYSTEM32\WINMM.dll
0x00007ffb8dcf0000 - 0x00007ffb8dcfa000 	C:\WINDOWS\SYSTEM32\VERSION.dll
0x00007ffb92030000 - 0x00007ffb9203f000 	D:\JAVA\jdk1.8.0_202\jre\bin\verify.dll
0x00007ffb92000000 - 0x00007ffb92029000 	D:\JAVA\jdk1.8.0_202\jre\bin\java.dll
0x00007ffb91fe0000 - 0x00007ffb91ff6000 	D:\JAVA\jdk1.8.0_202\jre\bin\zip.dll
0x00007ffb97b20000 - 0x00007ffb98262000 	C:\WINDOWS\System32\SHELL32.dll
0x00007ffb94a80000 - 0x00007ffb95210000 	C:\WINDOWS\SYSTEM32\windows.storage.dll
0x00007ffb98bf0000 - 0x00007ffb98f45000 	C:\WINDOWS\System32\combase.dll
0x00007ffb96410000 - 0x00007ffb9643c000 	C:\WINDOWS\SYSTEM32\Wldp.dll
0x00007ffb97460000 - 0x00007ffb9750e000 	C:\WINDOWS\System32\SHCORE.dll
0x00007ffb989d0000 - 0x00007ffb98a25000 	C:\WINDOWS\System32\shlwapi.dll
0x00007ffb969b0000 - 0x00007ffb969cf000 	C:\WINDOWS\SYSTEM32\profapi.dll
0x00007ffb96360000 - 0x00007ffb96378000 	C:\WINDOWS\SYSTEM32\CRYPTSP.dll
0x00007ffb95b20000 - 0x00007ffb95b54000 	C:\WINDOWS\system32\rsaenh.dll
0x00007ffb96d00000 - 0x00007ffb96d27000 	C:\WINDOWS\System32\bcrypt.dll
0x00007ffb96970000 - 0x00007ffb9699e000 	C:\WINDOWS\SYSTEM32\USERENV.dll
0x00007ffb96bd0000 - 0x00007ffb96c50000 	C:\WINDOWS\System32\bcryptprimitives.dll
0x00007ffb96350000 - 0x00007ffb9635c000 	C:\WINDOWS\SYSTEM32\CRYPTBASE.dll
0x00007ffb7d010000 - 0x00007ffb7d02a000 	D:\JAVA\jdk1.8.0_202\jre\bin\net.dll
0x00007ffb862e0000 - 0x00007ffb864ce000 	C:\WINDOWS\SYSTEM32\urlmon.dll
0x00007ffb86840000 - 0x00007ffb86af0000 	C:\WINDOWS\SYSTEM32\iertutil.dll
0x00007ffb96180000 - 0x00007ffb961ea000 	C:\WINDOWS\system32\mswsock.dll
0x00007ffb95e70000 - 0x00007ffb95eab000 	C:\WINDOWS\SYSTEM32\IPHLPAPI.DLL
0x00007ffb99230000 - 0x00007ffb99238000 	C:\WINDOWS\System32\NSI.dll
0x00007ffb8c990000 - 0x00007ffb8c9a7000 	C:\WINDOWS\SYSTEM32\dhcpcsvc6.DLL
0x00007ffb8db10000 - 0x00007ffb8db2d000 	C:\WINDOWS\SYSTEM32\dhcpcsvc.DLL
0x00007ffb95eb0000 - 0x00007ffb95f7c000 	C:\WINDOWS\SYSTEM32\DNSAPI.dll
0x00007ffb7ce70000 - 0x00007ffb7ce82000 	D:\JAVA\jdk1.8.0_202\jre\bin\nio.dll
0x00007ffb84160000 - 0x00007ffb8416a000 	C:\Users\chen1\AppData\Local\Temp\jansi-1.17.1-1860844372991140903.dll
0x00007ffb83b40000 - 0x00007ffb83b4a000 	C:\Users\chen1\AppData\Local\Temp\jansi-1.17.1-8622569634073144010.dll

VM Arguments:
jvm_args: -Dmaven.multiModuleProjectDirectory=D:\github\Cjjpsz\ProjectCode\v0.1\yuanshenwiki -Dmaven.home=D:\IntelliJ IDEA 2021.1.1\plugins\maven\lib\maven3 -Dclassworlds.conf=D:\IntelliJ IDEA 2021.1.1\plugins\maven\lib\maven3\bin\m2.conf -Dmaven.ext.class.path=D:\IntelliJ IDEA 2021.1.1\plugins\maven\lib\maven-event-listener.jar -Dfile.encoding=UTF-8 
java_command: org.codehaus.classworlds.Launcher -Didea.version=2021.1.1 --update-snapshots install --non-recursive
java_class_path (initial): D:\IntelliJ IDEA 2021.1.1\plugins\maven\lib\maven3\boot\plexus-classworlds-2.6.0.jar;D:\IntelliJ IDEA 2021.1.1\plugins\maven\lib\maven3\boot\plexus-classworlds.license
Launcher Type: SUN_STANDARD

Environment Variables:
JAVA_HOME=D:\JAVA\jdk1.8.0_202
USERNAME=chen1
OS=Windows_NT
PROCESSOR_IDENTIFIER=Intel64 Family 6 Model 142 Stepping 10, GenuineIntel



---------------  S Y S T E M  ---------------

OS: Windows 10.0 , 64 bit Build 19041 (10.0.19041.928)

CPU:total 8 (initial active 8) (4 cores per cpu, 2 threads per core) family 6 model 142 stepping 10, cmov, cx8, fxsr, mmx, sse, sse2, sse3, ssse3, sse4.1, sse4.2, popcnt, avx, avx2, aes, clmul, erms, 3dnowpref, lzcnt, ht, tsc, tscinvbit, bmi1, bmi2, adx

Memory: 4k page, physical 8286600k(275548k free), swap 17911172k(4288k free)

vm_info: Java HotSpot(TM) 64-Bit Server VM (25.202-b08) for windows-amd64 JRE (1.8.0_202-b08), built on Dec 15 2018 19:54:30 by "java_re" with MS VC++ 10.0 (VS2010)

time: Sun Jun 06 23:54:46 2021
timezone: 中国标准时间
elapsed time: 12 seconds (0d 0h 0m 12s)

