#
# There is insufficient memory for the Java Runtime Environment to continue.
# Native memory allocation (malloc) failed to allocate 34736 bytes for Chunk::new
# Possible reasons:
#   The system is out of physical RAM or swap space
#   The process is running with CompressedOops enabled, and the Java Heap may be blocking the growth of the native heap
# Possible solutions:
#   Reduce memory load on the system
#   Increase physical memory or swap space
#   Check if swap backing store is full
#   Decrease Java heap size (-Xmx/-Xms)
#   Decrease number of Java threads
#   Decrease Java thread stack sizes (-Xss)
#   Set larger code cache with -XX:ReservedCodeCacheSize=
#   JVM is running with Unscaled Compressed Oops mode in which the Java heap is
#     placed in the first 4GB address space. The Java Heap base address is the
#     maximum limit for the native heap growth. Please use -XX:HeapBaseMinAddress
#     to set the Java Heap base and to place the Java Heap above 4GB virtual address.
# This output file may be truncated or incomplete.
#
#  Out of Memory Error (allocation.cpp:389), pid=1368, tid=0x0000000000002578
#
# JRE version: Java(TM) SE Runtime Environment (8.0_202-b08) (build 1.8.0_202-b08)
# Java VM: Java HotSpot(TM) 64-Bit Server VM (25.202-b08 mixed mode windows-amd64 compressed oops)
# Failed to write core dump. Minidumps are not enabled by default on client versions of Windows
#

---------------  T H R E A D  ---------------

Current thread (0x0000000019bcd800):  JavaThread "C2 CompilerThread0" daemon [_thread_in_native, id=9592, stack(0x000000001a3a0000,0x000000001a4a0000)]

Stack: [0x000000001a3a0000,0x000000001a4a0000]
[error occurred during error reporting (printing stack bounds), id 0xc0000005]

Native frames: (J=compiled Java code, j=interpreted, Vv=VM code, C=native code)


Current CompileTask:
C2:  13102 2053       4       org.codehaus.plexus.util.xml.pull.MXParser::isWhitespace (116 bytes)


---------------  P R O C E S S  ---------------

Java Threads: ( => current thread )
  0x0000000019c71800 JavaThread "Service Thread" daemon [_thread_blocked, id=12196, stack(0x000000001a7a0000,0x000000001a8a0000)]
  0x0000000019c03000 JavaThread "C1 CompilerThread3" daemon [_thread_blocked, id=2512, stack(0x000000001a6a0000,0x000000001a7a0000)]
  0x0000000019bd7800 JavaThread "C2 CompilerThread2" daemon [_thread_blocked, id=9764, stack(0x000000001a5a0000,0x000000001a6a0000)]
  0x0000000019bd2800 JavaThread "C2 CompilerThread1" daemon [_thread_blocked, id=14264, stack(0x000000001a4a0000,0x000000001a5a0000)]
=>0x0000000019bcd800 JavaThread "C2 CompilerThread0" daemon [_thread_in_native, id=9592, stack(0x000000001a3a0000,0x000000001a4a0000)]
  0x0000000019b7b800 JavaThread "Attach Listener" daemon [_thread_blocked, id=6764, stack(0x000000001a2a0000,0x000000001a3a0000)]
  0x0000000019b7a000 JavaThread "Signal Dispatcher" daemon [_thread_blocked, id=5988, stack(0x000000001a1a0000,0x000000001a2a0000)]
  0x0000000019b60800 JavaThread "Finalizer" daemon [_thread_blocked, id=15960, stack(0x000000001a040000,0x000000001a140000)]
  0x0000000002da7800 JavaThread "Reference Handler" daemon [_thread_blocked, id=16620, stack(0x0000000019f40000,0x000000001a040000)]
  0x0000000002cb2800 JavaThread "main" [_thread_in_vm, id=16400, stack(0x0000000002ab0000,0x0000000002bb0000)]

Other Threads:
  0x0000000017d78800 VMThread [stack: 0x0000000019a40000,0x0000000019b40000] [id=14528]
  0x0000000019c7c800 WatcherThread [stack: 0x000000001a8a0000,0x000000001a9a0000] [id=6544]

VM state:not at safepoint (normal execution)

VM Mutex/Monitor currently owned by a thread: None

heap address: 0x0000000081800000, size: 2024 MB, Compressed Oops mode: 32-bit
Narrow klass base: 0x0000000000000000, Narrow klass shift: 3
Compressed class space size: 1073741824 Address: 0x0000000100000000

Heap:
 PSYoungGen      total 38400K, used 5770K [0x00000000d5d80000, 0x00000000da880000, 0x0000000100000000)
  eden space 33280K, 1% used [0x00000000d5d80000,0x00000000d5e24b80,0x00000000d7e00000)
  from space 5120K, 99% used [0x00000000d7e00000,0x00000000d82fe050,0x00000000d8300000)
  to   space 5120K, 0% used [0x00000000da380000,0x00000000da380000,0x00000000da880000)
 ParOldGen       total 87552K, used 6025K [0x0000000081800000, 0x0000000086d80000, 0x00000000d5d80000)
  object space 87552K, 6% used [0x0000000081800000,0x0000000081de27d8,0x0000000086d80000)
 Metaspace       used 15422K, capacity 15682K, committed 15872K, reserved 1062912K
  class space    used 1860K, capacity 1946K, committed 2048K, reserved 1048576K

Card table byte_map: [0x0000000012170000,0x0000000012570000] byte_map_base: 0x0000000011d64000

Marking Bits: (ParMarkBitMap*) 0x000000005b6c5ce0
 Begin Bits: [0x0000000013020000, 0x0000000014fc0000)
 End Bits:   [0x0000000014fc0000, 0x0000000016f60000)

Polling page: 0x0000000000f50000

CodeCache: size=245760Kb used=7402Kb max_used=7417Kb free=238357Kb
 bounds [0x0000000002db0000, 0x0000000003500000, 0x0000000011db0000]
 total_blobs=2420 nmethods=2052 adapters=280
 compilation: enabled

Compilation events (10 events):
Event: 12.943 Thread 0x0000000019c03000 nmethod 2050 0x00000000034d3a50 code [0x00000000034d3bc0, 0x00000000034d3de8]
Event: 12.943 Thread 0x0000000019c03000 2049       1       org.apache.maven.model.RepositoryBase::getUrl (5 bytes)
Event: 12.943 Thread 0x0000000019c03000 nmethod 2049 0x00000000034d3790 code [0x00000000034d38e0, 0x00000000034d39f0]
Event: 12.945 Thread 0x0000000019bd7800 2051       4       java.util.LinkedHashMap$LinkedValueIterator::next (8 bytes)
Event: 13.049 Thread 0x0000000019bcd800 nmethod 2048 0x00000000034d2d90 code [0x00000000034d2ee0, 0x00000000034d34d8]
Event: 13.049 Thread 0x0000000019bd7800 nmethod 2051 0x00000000034d2a90 code [0x00000000034d2bc0, 0x00000000034d2c98]
Event: 13.051 Thread 0x0000000019bd2800 nmethod 2036 0x00000000034f4410 code [0x00000000034f4660, 0x00000000034f64a8]
Event: 13.057 Thread 0x0000000019c03000 2052       3       java.util.AbstractCollection::toArray (70 bytes)
Event: 13.060 Thread 0x0000000019c03000 nmethod 2052 0x00000000034ea650 code [0x00000000034ea840, 0x00000000034eb1c8]
Event: 13.099 Thread 0x0000000019bcd800 2053       4       org.codehaus.plexus.util.xml.pull.MXParser::isWhitespace (116 bytes)

GC Heap History (6 events):
Event: 6.539 GC heap before
{Heap before GC invocations=1 (full 0):
 PSYoungGen      total 38400K, used 33280K [0x00000000d5d80000, 0x00000000d8800000, 0x0000000100000000)
  eden space 33280K, 100% used [0x00000000d5d80000,0x00000000d7e00000,0x00000000d7e00000)
  from space 5120K, 0% used [0x00000000d8300000,0x00000000d8300000,0x00000000d8800000)
  to   space 5120K, 0% used [0x00000000d7e00000,0x00000000d7e00000,0x00000000d8300000)
 ParOldGen       total 87552K, used 0K [0x0000000081800000, 0x0000000086d80000, 0x00000000d5d80000)
  object space 87552K, 0% used [0x0000000081800000,0x0000000081800000,0x0000000086d80000)
 Metaspace       used 8834K, capacity 8966K, committed 9088K, reserved 1056768K
  class space    used 1057K, capacity 1114K, committed 1152K, reserved 1048576K
Event: 6.583 GC heap after
Heap after GC invocations=1 (full 0):
 PSYoungGen      total 38400K, used 5114K [0x00000000d5d80000, 0x00000000d8800000, 0x0000000100000000)
  eden space 33280K, 0% used [0x00000000d5d80000,0x00000000d5d80000,0x00000000d7e00000)
  from space 5120K, 99% used [0x00000000d7e00000,0x00000000d82fea18,0x00000000d8300000)
  to   space 5120K, 0% used [0x00000000d8300000,0x00000000d8300000,0x00000000d8800000)
 ParOldGen       total 87552K, used 451K [0x0000000081800000, 0x0000000086d80000, 0x00000000d5d80000)
  object space 87552K, 0% used [0x0000000081800000,0x0000000081870f00,0x0000000086d80000)
 Metaspace       used 8834K, capacity 8966K, committed 9088K, reserved 1056768K
  class space    used 1057K, capacity 1114K, committed 1152K, reserved 1048576K
}
Event: 7.777 GC heap before
{Heap before GC invocations=2 (full 0):
 PSYoungGen      total 38400K, used 38394K [0x00000000d5d80000, 0x00000000d8800000, 0x0000000100000000)
  eden space 33280K, 100% used [0x00000000d5d80000,0x00000000d7e00000,0x00000000d7e00000)
  from space 5120K, 99% used [0x00000000d7e00000,0x00000000d82fea18,0x00000000d8300000)
  to   space 5120K, 0% used [0x00000000d8300000,0x00000000d8300000,0x00000000d8800000)
 ParOldGen       total 87552K, used 451K [0x0000000081800000, 0x0000000086d80000, 0x00000000d5d80000)
  object space 87552K, 0% used [0x0000000081800000,0x0000000081870f00,0x0000000086d80000)
 Metaspace       used 12232K, capacity 12344K, committed 12672K, reserved 1060864K
  class space    used 1504K, capacity 1575K, committed 1664K, reserved 1048576K
Event: 7.787 GC heap after
Heap after GC invocations=2 (full 0):
 PSYoungGen      total 38400K, used 5101K [0x00000000d5d80000, 0x00000000d8800000, 0x0000000100000000)
  eden space 33280K, 0% used [0x00000000d5d80000,0x00000000d5d80000,0x00000000d7e00000)
  from space 5120K, 99% used [0x00000000d8300000,0x00000000d87fb5b0,0x00000000d8800000)
  to   space 5120K, 0% used [0x00000000d7e00000,0x00000000d7e00000,0x00000000d8300000)
 ParOldGen       total 87552K, used 2802K [0x0000000081800000, 0x0000000086d80000, 0x00000000d5d80000)
  object space 87552K, 3% used [0x0000000081800000,0x0000000081abc9d0,0x0000000086d80000)
 Metaspace       used 12232K, capacity 12344K, committed 12672K, reserved 1060864K
  class space    used 1504K, capacity 1575K, committed 1664K, reserved 1048576K
}
Event: 12.945 GC heap before
{Heap before GC invocations=3 (full 0):
 PSYoungGen      total 38400K, used 38381K [0x00000000d5d80000, 0x00000000d8800000, 0x0000000100000000)
  eden space 33280K, 100% used [0x00000000d5d80000,0x00000000d7e00000,0x00000000d7e00000)
  from space 5120K, 99% used [0x00000000d8300000,0x00000000d87fb5b0,0x00000000d8800000)
  to   space 5120K, 0% used [0x00000000d7e00000,0x00000000d7e00000,0x00000000d8300000)
 ParOldGen       total 87552K, used 2802K [0x0000000081800000, 0x0000000086d80000, 0x00000000d5d80000)
  object space 87552K, 3% used [0x0000000081800000,0x0000000081abc9d0,0x0000000086d80000)
 Metaspace       used 15421K, capacity 15682K, committed 15872K, reserved 1062912K
  class space    used 1860K, capacity 1946K, committed 2048K, reserved 1048576K
Event: 13.048 GC heap after
Heap after GC invocations=3 (full 0):
 PSYoungGen      total 38400K, used 5112K [0x00000000d5d80000, 0x00000000da880000, 0x0000000100000000)
  eden space 33280K, 0% used [0x00000000d5d80000,0x00000000d5d80000,0x00000000d7e00000)
  from space 5120K, 99% used [0x00000000d7e00000,0x00000000d82fe050,0x00000000d8300000)
  to   space 5120K, 0% used [0x00000000da380000,0x00000000da380000,0x00000000da880000)
 ParOldGen       total 87552K, used 6025K [0x0000000081800000, 0x0000000086d80000, 0x00000000d5d80000)
  object space 87552K, 6% used [0x0000000081800000,0x0000000081de27d8,0x0000000086d80000)
 Metaspace       used 15421K, capacity 15682K, committed 15872K, reserved 1062912K
  class space    used 1860K, capacity 1946K, committed 2048K, reserved 1048576K
}

Deoptimization events (10 events):
Event: 11.704 Thread 0x0000000002cb2800 Uncommon trap: reason=class_check action=maybe_recompile pc=0x0000000003355508 method=java.util.regex.Pattern$7.isSatisfiedBy(I)Z @ 16
Event: 11.704 Thread 0x0000000002cb2800 Uncommon trap: reason=class_check action=maybe_recompile pc=0x0000000003355508 method=java.util.regex.Pattern$7.isSatisfiedBy(I)Z @ 16
Event: 11.704 Thread 0x0000000002cb2800 Uncommon trap: reason=class_check action=maybe_recompile pc=0x0000000003355508 method=java.util.regex.Pattern$7.isSatisfiedBy(I)Z @ 16
Event: 11.758 Thread 0x0000000002cb2800 Uncommon trap: reason=unstable_if action=reinterpret pc=0x0000000003193a84 method=java.lang.String.regionMatches(ZILjava/lang/String;II)Z @ 25
Event: 12.675 Thread 0x0000000002cb2800 Uncommon trap: reason=unstable_if action=reinterpret pc=0x000000000341ec44 method=org.codehaus.plexus.util.xml.pull.MXParser.nextImpl()I @ 879
Event: 12.858 Thread 0x0000000002cb2800 Uncommon trap: reason=unstable_if action=reinterpret pc=0x000000000340a4e0 method=org.codehaus.plexus.util.xml.pull.MXParser.isS(C)Z @ 21
Event: 12.858 Thread 0x0000000002cb2800 Uncommon trap: reason=unstable_if action=reinterpret pc=0x0000000003377d28 method=org.codehaus.plexus.util.xml.pull.MXParser.isS(C)Z @ 21
Event: 12.858 Thread 0x0000000002cb2800 Uncommon trap: reason=unstable_if action=reinterpret pc=0x0000000003375cb8 method=org.codehaus.plexus.util.xml.pull.MXParser.isS(C)Z @ 21
Event: 12.865 Thread 0x0000000002cb2800 Uncommon trap: reason=unstable_if action=reinterpret pc=0x00000000034668e0 method=org.codehaus.plexus.util.xml.pull.MXParser.nextImpl()I @ 972
Event: 12.921 Thread 0x0000000002cb2800 Uncommon trap: reason=unstable_if action=reinterpret pc=0x0000000003464544 method=org.apache.maven.model.validation.DefaultModelValidator.isValidIdCharacter(C)Z @ 51

Classes redefined (0 events):
No events

Internal exceptions (10 events):
Event: 8.035 Thread 0x0000000002cb2800 Exception <a 'java/lang/NoClassDefFoundError': javax/annotation/Priority> (0x00000000d66309e0) thrown at [C:\re\workspace\8-2-build-windows-amd64-cygwin\jdk8u202\12323\hotspot\src\share\vm\classfile\systemDictionary.cpp, line 199]
Event: 8.517 Thread 0x0000000002cb2800 Exception <a 'java/lang/NullPointerException'> (0x00000000d6d27098) thrown at [C:\re\workspace\8-2-build-windows-amd64-cygwin\jdk8u202\12323\hotspot\src\share\vm\interpreter\linkResolver.cpp, line 1185]
Event: 8.517 Thread 0x0000000002cb2800 Exception <a 'java/lang/NullPointerException'> (0x00000000d6d272b0) thrown at [C:\re\workspace\8-2-build-windows-amd64-cygwin\jdk8u202\12323\hotspot\src\share\vm\interpreter\linkResolver.cpp, line 1185]
Event: 8.517 Thread 0x0000000002cb2800 Exception <a 'java/lang/NullPointerException'> (0x00000000d6d274c8) thrown at [C:\re\workspace\8-2-build-windows-amd64-cygwin\jdk8u202\12323\hotspot\src\share\vm\interpreter\linkResolver.cpp, line 1185]
Event: 8.519 Thread 0x0000000002cb2800 Exception <a 'java/lang/NullPointerException'> (0x00000000d6d2ed10) thrown at [C:\re\workspace\8-2-build-windows-amd64-cygwin\jdk8u202\12323\hotspot\src\share\vm\interpreter\linkResolver.cpp, line 1185]
Event: 8.519 Thread 0x0000000002cb2800 Exception <a 'java/lang/NullPointerException'> (0x00000000d6d2ef28) thrown at [C:\re\workspace\8-2-build-windows-amd64-cygwin\jdk8u202\12323\hotspot\src\share\vm\interpreter\linkResolver.cpp, line 1185]
Event: 8.519 Thread 0x0000000002cb2800 Exception <a 'java/lang/NullPointerException'> (0x00000000d6d2f140) thrown at [C:\re\workspace\8-2-build-windows-amd64-cygwin\jdk8u202\12323\hotspot\src\share\vm\interpreter\linkResolver.cpp, line 1185]
Event: 8.619 Thread 0x0000000002cb2800 Implicit null exception at 0x0000000002fd5096 to 0x0000000002fd5431
Event: 8.619 Thread 0x0000000002cb2800 Implicit null exception at 0x0000000002f9f356 to 0x0000000002f9f6ed
Event: 9.916 Thread 0x0000000002cb2800 Implicit null exception at 0x00000000033ff737 to 0x00000000033ff981

Events (10 events):
Event: 13.061 Executing VM operation: RevokeBias
Event: 13.061 Executing VM operation: RevokeBias done
Event: 13.061 Executing VM operation: RevokeBias
Event: 13.061 Executing VM operation: RevokeBias done
Event: 13.061 Executing VM operation: RevokeBias
Event: 13.061 Executing VM operation: RevokeBias done
Event: 13.061 Executing VM operation: RevokeBias
Event: 13.061 Executing VM operation: RevokeBias done
Event: 13.061 Executing VM operation: BulkRevokeBias
Event: 13.061 Executing VM operation: BulkRevokeBias done


Dynamic libraries:
0x00007ff63e230000 - 0x00007ff63e267000 	D:\JAVA\jdk1.8.0_202\bin\java.exe
0x00007ffb99330000 - 0x00007ffb99525000 	C:\WINDOWS\SYSTEM32\ntdll.dll
0x00007ffb98f50000 - 0x00007ffb9900d000 	C:\WINDOWS\System32\KERNEL32.DLL
0x00007ffb96d30000 - 0x00007ffb96ff8000 	C:\WINDOWS\System32\KERNELBASE.dll
0x00007ffb98610000 - 0x00007ffb986bc000 	C:\WINDOWS\System32\ADVAPI32.dll
0x00007ffb98720000 - 0x00007ffb987be000 	C:\WINDOWS\System32\msvcrt.dll
0x00007ffb987d0000 - 0x00007ffb9886b000 	C:\WINDOWS\System32\sechost.dll
0x00007ffb983b0000 - 0x00007ffb984db000 	C:\WINDOWS\System32\RPCRT4.dll
0x00007ffb98a50000 - 0x00007ffb98bf0000 	C:\WINDOWS\System32\USER32.dll
0x00007ffb97100000 - 0x00007ffb97122000 	C:\WINDOWS\System32\win32u.dll
0x00007ffb989a0000 - 0x00007ffb989ca000 	C:\WINDOWS\System32\GDI32.dll
0x00007ffb97280000 - 0x00007ffb9738b000 	C:\WINDOWS\System32\gdi32full.dll
0x00007ffb97130000 - 0x00007ffb971cd000 	C:\WINDOWS\System32\msvcp_win.dll
0x00007ffb97000000 - 0x00007ffb97100000 	C:\WINDOWS\System32\ucrtbase.dll
0x00007ffb82c00000 - 0x00007ffb82e9a000 	C:\WINDOWS\WinSxS\amd64_microsoft.windows.common-controls_6595b64144ccf1df_6.0.19041.844_none_ca00b6081b84eb1d\COMCTL32.dll
0x00007ffb99240000 - 0x00007ffb99270000 	C:\WINDOWS\System32\IMM32.DLL
0x000000005bf60000 - 0x000000005c032000 	D:\JAVA\jdk1.8.0_202\jre\bin\msvcr100.dll
0x000000005aea0000 - 0x000000005b745000 	D:\JAVA\jdk1.8.0_202\jre\bin\server\jvm.dll
0x00007ffb987c0000 - 0x00007ffb987c8000 	C:\WINDOWS\System32\PSAPI.DLL
0x00007ffb80300000 - 0x00007ffb80309000 	C:\WINDOWS\SYSTEM32\WSOCK32.dll
0x00007ffb991c0000 - 0x00007ffb9922b000 	C:\WINDOWS\System32\WS2_32.dll
0x00007ffb85ce0000 - 0x00007ffb85d07000 	C:\WINDOWS\SYSTEM32\WINMM.dll
0x00007ffb8dcf0000 - 0x00007ffb8dcfa000 	C:\WINDOWS\SYSTEM32\VERSION.dll
0x00007ffb92030000 - 0x00007ffb9203f000 	D:\JAVA\jdk1.8.0_202\jre\bin\verify.dll
0x00007ffb92000000 - 0x00007ffb92029000 	D:\JAVA\jdk1.8.0_202\jre\bin\java.dll
0x00007ffb91fe0000 - 0x00007ffb91ff6000 	D:\JAVA\jdk1.8.0_202\jre\bin\zip.dll
0x00007ffb97b20000 - 0x00007ffb98262000 	C:\WINDOWS\System32\SHELL32.dll
0x00007ffb94a80000 - 0x00007ffb95210000 	C:\WINDOWS\SYSTEM32\windows.storage.dll
0x00007ffb98bf0000 - 0x00007ffb98f45000 	C:\WINDOWS\System32\combase.dll
0x00007ffb96410000 - 0x00007ffb9643c000 	C:\WINDOWS\SYSTEM32\Wldp.dll
0x00007ffb97460000 - 0x00007ffb9750e000 	C:\WINDOWS\System32\SHCORE.dll
0x00007ffb989d0000 - 0x00007ffb98a25000 	C:\WINDOWS\System32\shlwapi.dll
0x00007ffb969b0000 - 0x00007ffb969cf000 	C:\WINDOWS\SYSTEM32\profapi.dll
0x00007ffb96360000 - 0x00007ffb96378000 	C:\WINDOWS\SYSTEM32\CRYPTSP.dll
0x00007ffb95b20000 - 0x00007ffb95b54000 	C:\WINDOWS\system32\rsaenh.dll
0x00007ffb96d00000 - 0x00007ffb96d27000 	C:\WINDOWS\System32\bcrypt.dll
0x00007ffb96970000 - 0x00007ffb9699e000 	C:\WINDOWS\SYSTEM32\USERENV.dll
0x00007ffb96bd0000 - 0x00007ffb96c50000 	C:\WINDOWS\System32\bcryptprimitives.dll
0x00007ffb96350000 - 0x00007ffb9635c000 	C:\WINDOWS\SYSTEM32\CRYPTBASE.dll
0x00007ffb7d010000 - 0x00007ffb7d02a000 	D:\JAVA\jdk1.8.0_202\jre\bin\net.dll
0x00007ffb862e0000 - 0x00007ffb864ce000 	C:\WINDOWS\SYSTEM32\urlmon.dll
0x00007ffb86840000 - 0x00007ffb86af0000 	C:\WINDOWS\SYSTEM32\iertutil.dll
0x00007ffb96180000 - 0x00007ffb961ea000 	C:\WINDOWS\system32\mswsock.dll
0x00007ffb95e70000 - 0x00007ffb95eab000 	C:\WINDOWS\SYSTEM32\IPHLPAPI.DLL
0x00007ffb99230000 - 0x00007ffb99238000 	C:\WINDOWS\System32\NSI.dll
0x00007ffb8c990000 - 0x00007ffb8c9a7000 	C:\WINDOWS\SYSTEM32\dhcpcsvc6.DLL
0x00007ffb8db10000 - 0x00007ffb8db2d000 	C:\WINDOWS\SYSTEM32\dhcpcsvc.DLL
0x00007ffb95eb0000 - 0x00007ffb95f7c000 	C:\WINDOWS\SYSTEM32\DNSAPI.dll
0x00007ffb7ce70000 - 0x00007ffb7ce82000 	D:\JAVA\jdk1.8.0_202\jre\bin\nio.dll
0x00007ffb921b0000 - 0x00007ffb921ba000 	C:\Users\chen1\AppData\Local\Temp\jansi-1.17.1-6220918798964372524.dll
0x00007ffb90ef0000 - 0x00007ffb90efa000 	C:\Users\chen1\AppData\Local\Temp\jansi-1.17.1-1457229743216187696.dll

VM Arguments:
jvm_args: -Dmaven.multiModuleProjectDirectory=D:\github\Cjjpsz\ProjectCode\yuanshenwiki -Dmaven.home=D:\IntelliJ IDEA 2021.1.1\plugins\maven\lib\maven3 -Dclassworlds.conf=D:\IntelliJ IDEA 2021.1.1\plugins\maven\lib\maven3\bin\m2.conf -Dmaven.ext.class.path=D:\IntelliJ IDEA 2021.1.1\plugins\maven\lib\maven-event-listener.jar -Dfile.encoding=UTF-8 
java_command: org.codehaus.classworlds.Launcher -Didea.version=2021.1.1 --update-snapshots install --non-recursive
java_class_path (initial): D:\IntelliJ IDEA 2021.1.1\plugins\maven\lib\maven3\boot\plexus-classworlds-2.6.0.jar;D:\IntelliJ IDEA 2021.1.1\plugins\maven\lib\maven3\boot\plexus-classworlds.license
Launcher Type: SUN_STANDARD

Environment Variables:
JAVA_HOME=D:\JAVA\jdk1.8.0_202
USERNAME=chen1
OS=Windows_NT
PROCESSOR_IDENTIFIER=Intel64 Family 6 Model 142 Stepping 10, GenuineIntel



---------------  S Y S T E M  ---------------

OS: Windows 10.0 , 64 bit Build 19041 (10.0.19041.928)

CPU:total 8 (initial active 8) (4 cores per cpu, 2 threads per core) family 6 model 142 stepping 10, cmov, cx8, fxsr, mmx, sse, sse2, sse3, ssse3, sse4.1, sse4.2, popcnt, avx, avx2, aes, clmul, erms, 3dnowpref, lzcnt, ht, tsc, tscinvbit, bmi1, bmi2, adx

Memory: 4k page, physical 8286600k(271168k free), swap 17911172k(4288k free)

vm_info: Java HotSpot(TM) 64-Bit Server VM (25.202-b08) for windows-amd64 JRE (1.8.0_202-b08), built on Dec 15 2018 19:54:30 by "java_re" with MS VC++ 10.0 (VS2010)

time: Sun Jun 06 23:54:46 2021
timezone: 中国标准时间
elapsed time: 13 seconds (0d 0h 0m 13s)

